formmicrologger/build/intermediates/proguard-rules/debug/aapt_rules.txt
# Referenced at res\layout\activity_gps_main.xml:3
# Referenced at res\layout\material_drawer.xml:2
-keep class android.support.v4.widget.DrawerLayout { <init>(...); }

# Referenced at res\layout\abc_alert_dialog_material.xml:41
-keep class android.support.v4.widget.NestedScrollView { <init>(...); }

# Referenced at res\layout\abc_alert_dialog_button_bar_material.xml:43
# Referenced at res\layout\abc_alert_dialog_material.xml:52
# Referenced at res\layout\abc_alert_dialog_material.xml:66
# Referenced at res\layout\abc_alert_dialog_title_material.xml:56
-keep class android.support.v4.widget.Space { <init>(...); }

# Referenced at res\layout\abc_select_dialog_material.xml:23
-keep class android.support.v7.app.AlertController$RecycleListView { <init>(...); }

# Referenced at res\layout\abc_action_menu_item_layout.xml:17
-keep class android.support.v7.view.menu.ActionMenuItemView { <init>(...); }

# Referenced at res\layout\abc_expanded_menu_layout.xml:17
-keep class android.support.v7.view.menu.ExpandedMenuView { <init>(...); }

# Referenced at res\layout\abc_list_menu_item_layout.xml:17
# Referenced at res\layout\abc_popup_menu_item_layout.xml:17
-keep class android.support.v7.view.menu.ListMenuItemView { <init>(...); }

# Referenced at res\layout-v26\abc_screen_toolbar.xml:27
# Referenced at res\layout\abc_screen_toolbar.xml:27
-keep class android.support.v7.widget.ActionBarContainer { <init>(...); }

# Referenced at res\layout-v26\abc_screen_toolbar.xml:44
# Referenced at res\layout\abc_action_mode_bar.xml:19
# Referenced at res\layout\abc_screen_toolbar.xml:43
-keep class android.support.v7.widget.ActionBarContextView { <init>(...); }

# Referenced at res\layout-v26\abc_screen_toolbar.xml:17
# Referenced at res\layout\abc_screen_toolbar.xml:17
-keep class android.support.v7.widget.ActionBarOverlayLayout { <init>(...); }

# Referenced at res\layout\abc_action_menu_layout.xml:17
-keep class android.support.v7.widget.ActionMenuView { <init>(...); }

# Referenced at res\layout\abc_activity_chooser_view.xml:19
-keep class android.support.v7.widget.ActivityChooserView$InnerLayout { <init>(...); }

# Referenced at res\layout\abc_alert_dialog_material.xml:18
-keep class android.support.v7.widget.AlertDialogLayout { <init>(...); }

# Referenced at res\layout-ldrtl-v17\md_listitem_multichoice.xml:29
# Referenced at res\layout\md_listitem_multichoice.xml:17
-keep class android.support.v7.widget.AppCompatCheckBox { <init>(...); }

# Referenced at res\layout-ldrtl-v17\md_listitem_singlechoice.xml:29
# Referenced at res\layout\md_listitem_singlechoice.xml:17
-keep class android.support.v7.widget.AppCompatRadioButton { <init>(...); }

# Referenced at res\layout\abc_alert_dialog_button_bar_material.xml:26
-keep class android.support.v7.widget.ButtonBarLayout { <init>(...); }

# Referenced at res\layout\fragment_detailed_view.xml:14
# Referenced at res\layout\fragment_detailed_view.xml:138
# Referenced at res\layout\fragment_detailed_view.xml:400
-keep class android.support.v7.widget.CardView { <init>(...); }

# Referenced at res\layout\abc_screen_content_include.xml:19
-keep class android.support.v7.widget.ContentFrameLayout { <init>(...); }

# Referenced at res\layout\abc_alert_dialog_title_material.xml:45
-keep class android.support.v7.widget.DialogTitle { <init>(...); }

# Referenced at res\layout\abc_screen_simple_overlay_action_mode.xml:23
-keep class android.support.v7.widget.FitWindowsFrameLayout { <init>(...); }

# Referenced at res\layout\abc_dialog_title_material.xml:22
# Referenced at res\layout\abc_screen_simple.xml:17
-keep class android.support.v7.widget.FitWindowsLinearLayout { <init>(...); }

# Referenced at res\layout\md_dialog_list.xml:39
# Referenced at res\layout\md_dialog_list_check.xml:39
# Referenced at res\layout\nnf_fragment_filepicker.xml:33
# Referenced at res\layout\material_drawer_recycler_view.xml:2
-keep class android.support.v7.widget.RecyclerView { <init>(...); }

# Referenced at res\layout\abc_search_view.xml:75
-keep class android.support.v7.widget.SearchView$SearchAutoComplete { <init>(...); }

# Referenced at res\layout\material_drawer_item_secondary_switch.xml:58
# Referenced at res\layout\material_drawer_item_switch.xml:58
-keep class android.support.v7.widget.SwitchCompat { <init>(...); }

# Referenced at res\layout\activity_gps_main.xml:15
# Referenced at res\layout\activity_gps_main.xml:59
# Referenced at res\layout\toolbar.xml:3
# Referenced at res\layout-v26\abc_screen_toolbar.xml:37
# Referenced at res\layout\abc_screen_toolbar.xml:36
# Referenced at res\layout\nnf_fragment_filepicker.xml:15
-keep class android.support.v7.widget.Toolbar { <init>(...); }

# Referenced at res\layout\abc_screen_simple.xml:25
# Referenced at res\layout\abc_screen_simple_overlay_action_mode.xml:32
-keep class android.support.v7.widget.ViewStubCompat { <init>(...); }

# Referenced at res\layout\md_stub_colorchooser_grid.xml:2
-keep class com.afollestad.materialdialogs.color.FillGridView { <init>(...); }

# Referenced at res\layout\md_stub_actionbuttons.xml:5
# Referenced at res\layout\md_stub_actionbuttons.xml:10
# Referenced at res\layout\md_stub_actionbuttons.xml:17
-keep class com.afollestad.materialdialogs.internal.MDButton { <init>(...); }

# Referenced at res\layout\md_dialog_basic.xml:1
# Referenced at res\layout\md_dialog_basic_check.xml:1
# Referenced at res\layout\md_dialog_custom.xml:1
# Referenced at res\layout\md_dialog_input.xml:1
# Referenced at res\layout\md_dialog_input_check.xml:1
# Referenced at res\layout\md_dialog_list.xml:1
# Referenced at res\layout\md_dialog_list_check.xml:1
# Referenced at res\layout\md_dialog_progress.xml:1
# Referenced at res\layout\md_dialog_progress_indeterminate.xml:1
# Referenced at res\layout\md_dialog_progress_indeterminate_horizontal.xml:1
-keep class com.afollestad.materialdialogs.internal.MDRootLayout { <init>(...); }

# Referenced at res\xml\autoemailsettings.xml:9
# Referenced at res\xml\autoemailsettings.xml:20
# Referenced at res\xml\autoemailsettings.xml:23
# Referenced at res\xml\autoemailsettings.xml:26
# Referenced at res\xml\autoemailsettings.xml:31
# Referenced at res\xml\autoemailsettings.xml:34
# Referenced at res\xml\autoftpsettings.xml:13
# Referenced at res\xml\autoftpsettings.xml:21
# Referenced at res\xml\autoftpsettings.xml:27
# Referenced at res\xml\autoftpsettings.xml:34
# Referenced at res\xml\autoftpsettings.xml:47
# Referenced at res\xml\gdocssettings.xml:12
# Referenced at res\xml\opengtssettings.xml:13
# Referenced at res\xml\opengtssettings.xml:18
# Referenced at res\xml\opengtssettings.xml:27
# Referenced at res\xml\opengtssettings.xml:32
# Referenced at res\xml\opengtssettings.xml:35
# Referenced at res\xml\osmsettings.xml:18
# Referenced at res\xml\osmsettings.xml:23
# Referenced at res\xml\owncloudsettings.xml:10
# Referenced at res\xml\owncloudsettings.xml:17
# Referenced at res\xml\owncloudsettings.xml:22
# Referenced at res\xml\owncloudsettings.xml:28
# Referenced at res\xml\pref_performance.xml:12
# Referenced at res\xml\pref_performance.xml:30
# Referenced at res\xml\pref_performance.xml:42
# Referenced at res\xml\pref_performance.xml:53
# Referenced at res\xml\pref_performance.xml:64
# Referenced at res\xml\pref_performance.xml:82
# Referenced at res\xml\pref_upload.xml:14
# Referenced at res\xml\sftpsettings.xml:8
# Referenced at res\xml\sftpsettings.xml:17
# Referenced at res\xml\sftpsettings.xml:24
# Referenced at res\xml\sftpsettings.xml:32
# Referenced at res\xml\sftpsettings.xml:40
# Referenced at res\xml\sftpsettings.xml:50
-keep class com.afollestad.materialdialogs.prefs.MaterialEditTextPreference { <init>(...); }

# Referenced at res\xml\autoemailsettings.xml:14
# Referenced at res\xml\autoftpsettings.xml:62
# Referenced at res\xml\opengtssettings.xml:22
# Referenced at res\xml\osmsettings.xml:13
# Referenced at res\xml\pref_general.xml:27
# Referenced at res\xml\pref_general.xml:68
# Referenced at res\xml\pref_logging.xml:81
-keep class com.afollestad.materialdialogs.prefs.MaterialListPreference { <init>(...); }

# Referenced at res\layout\fragment_detailed_view.xml:110
# Referenced at res\layout\fragment_simple_view.xml:85
-keep class com.dd.processbutton.iml.ActionProcessButton { <init>(...); }

# Referenced at full\debug\AndroidManifest.xml:91
-keep class com.dropbox.core.android.AuthActivity { <init>(...); }

# Referenced at full\debug\AndroidManifest.xml:42
-keep class com.formmicro.gpslogger.AndroidWearListenerService { <init>(...); }

# Referenced at full\debug\AndroidManifest.xml:82
-keep class com.formmicro.gpslogger.Faqtivity { <init>(...); }

# Referenced at full\debug\AndroidManifest.xml:35
-keep class com.formmicro.gpslogger.GpsLoggingService { <init>(...); }

# Referenced at full\debug\AndroidManifest.xml:48
-keep class com.formmicro.gpslogger.GpsMainActivity { <init>(...); }

# Referenced at full\debug\AndroidManifest.xml:62
-keep class com.formmicro.gpslogger.MainPreferenceActivity { <init>(...); }

# Referenced at full\debug\AndroidManifest.xml:157
-keep class com.formmicro.gpslogger.MyPackageUpgradeReceiver { <init>(...); }

# Referenced at full\debug\AndroidManifest.xml:164
-keep class com.formmicro.gpslogger.NotificationAnnotationActivity { <init>(...); }

# Referenced at full\debug\AndroidManifest.xml:146
-keep class com.formmicro.gpslogger.StartupReceiver { <init>(...); }

# Referenced at full\debug\AndroidManifest.xml:24
-keep class com.formmicro.gpslogger.common.AppSettings { <init>(...); }

# Referenced at full\debug\AndroidManifest.xml:176
-keep class com.formmicro.gpslogger.common.ContentApi { <init>(...); }

# Referenced at full\debug\AndroidManifest.xml:156
-keep class com.formmicro.gpslogger.senders.AlarmReceiver { <init>(...); }

# Referenced at full\debug\AndroidManifest.xml:112
-keep class com.formmicro.gpslogger.shortcuts.ShortcutCreate { <init>(...); }

# Referenced at full\debug\AndroidManifest.xml:121
-keep class com.formmicro.gpslogger.shortcuts.ShortcutStart { <init>(...); }

# Referenced at full\debug\AndroidManifest.xml:128
-keep class com.formmicro.gpslogger.shortcuts.ShortcutStop { <init>(...); }

# Referenced at res\xml\autoemailsettings.xml:5
# Referenced at res\xml\autoemailsettings.xml:37
# Referenced at res\xml\autoftpsettings.xml:6
# Referenced at res\xml\autoftpsettings.xml:55
# Referenced at res\xml\autoftpsettings.xml:77
# Referenced at res\xml\dropboxsettings.xml:5
# Referenced at res\xml\gdocssettings.xml:5
# Referenced at res\xml\opengtssettings.xml:7
# Referenced at res\xml\osmsettings.xml:5
# Referenced at res\xml\owncloudsettings.xml:6
# Referenced at res\xml\pref_general.xml:6
# Referenced at res\xml\pref_general.xml:13
# Referenced at res\xml\pref_general.xml:20
# Referenced at res\xml\pref_general.xml:34
# Referenced at res\xml\pref_general.xml:41
# Referenced at res\xml\pref_logging.xml:8
# Referenced at res\xml\pref_logging.xml:16
# Referenced at res\xml\pref_logging.xml:24
# Referenced at res\xml\pref_logging.xml:31
# Referenced at res\xml\pref_logging.xml:39
# Referenced at res\xml\pref_logging.xml:46
# Referenced at res\xml\pref_logging.xml:53
# Referenced at res\xml\pref_logging.xml:60
# Referenced at res\xml\pref_logging.xml:98
# Referenced at res\xml\pref_logging.xml:104
# Referenced at res\xml\pref_logging.xml:110
# Referenced at res\xml\pref_performance.xml:23
# Referenced at res\xml\pref_performance.xml:76
# Referenced at res\xml\pref_performance.xml:93
# Referenced at res\xml\pref_upload.xml:6
# Referenced at res\xml\pref_upload.xml:25
# Referenced at res\xml\pref_upload.xml:33
# Referenced at res\xml\pref_upload.xml:40
# Referenced at res\xml\sftpsettings.xml:4
-keep class com.formmicro.gpslogger.ui.components.CustomSwitchPreference { <init>(...); }

# Referenced at res\layout\fragment_log_view.xml:30
-keep class com.formmicro.gpslogger.ui.components.InteractiveScrollView { <init>(...); }

# Referenced at full\debug\AndroidManifest.xml:190
-keep class com.google.android.gms.auth.api.signin.RevocationBoundService { <init>(...); }

# Referenced at full\debug\AndroidManifest.xml:181
-keep class com.google.android.gms.auth.api.signin.internal.SignInHubActivity { <init>(...); }

# Referenced at full\debug\AndroidManifest.xml:195
-keep class com.google.android.gms.common.api.GoogleApiActivity { <init>(...); }

# Referenced at res\layout\smaller_header.xml:23
# Referenced at res\layout\smaller_header.xml:29
# Referenced at res\layout\smaller_header.xml:35
# Referenced at res\layout\smaller_header.xml:55
# Referenced at res\layout\material_drawer_compact_header.xml:16
# Referenced at res\layout\material_drawer_compact_header.xml:22
# Referenced at res\layout\material_drawer_compact_header.xml:28
# Referenced at res\layout\material_drawer_compact_header.xml:34
# Referenced at res\layout\material_drawer_header.xml:16
# Referenced at res\layout\material_drawer_header.xml:35
# Referenced at res\layout\material_drawer_header.xml:44
# Referenced at res\layout\material_drawer_header.xml:53
# Referenced at res\layout\material_drawer_item_mini_profile.xml:6
# Referenced at res\layout\material_drawer_item_profile.xml:22
-keep class com.mikepenz.materialdrawer.view.BezelImageView { <init>(...); }

# Referenced at res\layout\materialize.xml:5
-keep class com.mikepenz.materialize.view.ScrimInsetsFrameLayout { <init>(...); }

# Referenced at res\layout\activity_faq_list_item.xml:7
# Referenced at res\layout\error_alertview.xml:17
-keep class com.ms.square.android.expandabletextview.ExpandableTextView { <init>(...); }

# Referenced at full\debug\AndroidManifest.xml:135
-keep class com.nononsenseapps.filepicker.FilePickerActivity { <init>(...); }