formmicrologger/build/outputs/mapping/release/seeds.txt
com.formmicro.gpslogger.AndroidWearListenerService
com.formmicro.gpslogger.AndroidWearListenerService: org.slf4j.Logger LOG
com.formmicro.gpslogger.AndroidWearListenerService: com.formmicro.gpslogger.common.Session session
com.formmicro.gpslogger.AndroidWearListenerService: AndroidWearListenerService()
com.formmicro.gpslogger.AndroidWearListenerService: void onMessageReceived(com.google.android.gms.wearable.MessageEvent)
com.formmicro.gpslogger.AndroidWearListenerService: void <clinit>()
com.formmicro.gpslogger.BuildConfig
com.formmicro.gpslogger.BuildConfig: boolean DEBUG
com.formmicro.gpslogger.BuildConfig: java.lang.String APPLICATION_ID
com.formmicro.gpslogger.BuildConfig: java.lang.String BUILD_TYPE
com.formmicro.gpslogger.BuildConfig: java.lang.String FLAVOR
com.formmicro.gpslogger.BuildConfig: int VERSION_CODE
com.formmicro.gpslogger.BuildConfig: java.lang.String VERSION_NAME
com.formmicro.gpslogger.BuildConfig: java.lang.String DROPBOX_APP_KEY
com.formmicro.gpslogger.BuildConfig: java.lang.String DROPBOX_APP_SECRET
com.formmicro.gpslogger.BuildConfig: java.lang.String OSM_CONSUMER_KEY
com.formmicro.gpslogger.BuildConfig: java.lang.String OSM_CONSUMER_SECRET
com.formmicro.gpslogger.BuildConfig: java.lang.String[] TRANSLATION_ARRAY
com.formmicro.gpslogger.BuildConfig: BuildConfig()
com.formmicro.gpslogger.BuildConfig: void <clinit>()
com.formmicro.gpslogger.Faqtivity
com.formmicro.gpslogger.Faqtivity: com.formmicro.gpslogger.ui.components.FaqExpandableListAdapter listAdapter
com.formmicro.gpslogger.Faqtivity: android.widget.ListView expListView
com.formmicro.gpslogger.Faqtivity: org.slf4j.Logger LOG
com.formmicro.gpslogger.Faqtivity: Faqtivity()
com.formmicro.gpslogger.Faqtivity: void onCreate(android.os.Bundle)
com.formmicro.gpslogger.Faqtivity: java.lang.String getTopic(java.lang.String)
com.formmicro.gpslogger.Faqtivity: void onDestroy()
com.formmicro.gpslogger.Faqtivity: void onDetachedFromWindow()
com.formmicro.gpslogger.Faqtivity: void onStop()
com.formmicro.gpslogger.Faqtivity: void <clinit>()
com.formmicro.gpslogger.Faqtivity$1
com.formmicro.gpslogger.Faqtivity$1: com.formmicro.gpslogger.Faqtivity this$0
com.formmicro.gpslogger.Faqtivity$1: Faqtivity$1(com.formmicro.gpslogger.Faqtivity)
com.formmicro.gpslogger.Faqtivity$1: void run()
com.formmicro.gpslogger.GeneralLocationListener
com.formmicro.gpslogger.GeneralLocationListener: java.lang.String listenerName
com.formmicro.gpslogger.GeneralLocationListener: com.formmicro.gpslogger.GpsLoggingService loggingService
com.formmicro.gpslogger.GeneralLocationListener: org.slf4j.Logger LOG
com.formmicro.gpslogger.GeneralLocationListener: java.lang.String latestHdop
com.formmicro.gpslogger.GeneralLocationListener: java.lang.String latestPdop
com.formmicro.gpslogger.GeneralLocationListener: java.lang.String latestVdop
com.formmicro.gpslogger.GeneralLocationListener: java.lang.String geoIdHeight
com.formmicro.gpslogger.GeneralLocationListener: java.lang.String ageOfDgpsData
com.formmicro.gpslogger.GeneralLocationListener: java.lang.String dgpsId
com.formmicro.gpslogger.GeneralLocationListener: int satellitesUsedInFix
com.formmicro.gpslogger.GeneralLocationListener: com.formmicro.gpslogger.common.Session session
com.formmicro.gpslogger.GeneralLocationListener: GeneralLocationListener(com.formmicro.gpslogger.GpsLoggingService,java.lang.String)
com.formmicro.gpslogger.GeneralLocationListener: void onLocationChanged(android.location.Location)
com.formmicro.gpslogger.GeneralLocationListener: void onProviderDisabled(java.lang.String)
com.formmicro.gpslogger.GeneralLocationListener: void onProviderEnabled(java.lang.String)
com.formmicro.gpslogger.GeneralLocationListener: void onStatusChanged(java.lang.String,int,android.os.Bundle)
...
android.support.mediacompat.R$styleable: int[] FontFamily
android.support.mediacompat.R$styleable: int FontFamily_fontProviderAuthority
android.support.mediacompat.R$styleable: int FontFamily_fontProviderCerts
android.support.mediacompat.R$styleable: int FontFamily_fontProviderFetchStrategy
android.support.mediacompat.R$styleable: int FontFamily_fontProviderFetchTimeout
android.support.mediacompat.R$styleable: int FontFamily_fontProviderPackage
android.support.mediacompat.R$styleable: int FontFamily_fontProviderQuery
android.support.mediacompat.R$styleable: int[] FontFamilyFont
android.support.mediacompat.R$styleable: int FontFamilyFont_android_font
android.support.mediacompat.R$styleable: int FontFamilyFont_android_fontWeight
android.support.mediacompat.R$styleable: int FontFamilyFont_android_fontStyle
android.support.mediacompat.R$styleable: int FontFamilyFont_font
android.support.mediacompat.R$styleable: int FontFamilyFont_fontStyle
android.support.mediacompat.R$styleable: int FontFamilyFont_fontWeight
android.support.v4.R$attr: int font
android.support.v4.R$attr: int fontProviderAuthority
android.support.v4.R$attr: int fontProviderCerts
android.support.v4.R$attr: int fontProviderFetchStrategy
android.support.v4.R$attr: int fontProviderFetchTimeout
android.support.v4.R$attr: int fontProviderPackage
android.support.v4.R$attr: int fontProviderQuery
android.support.v4.R$attr: int fontStyle
android.support.v4.R$attr: int fontWeight
android.support.v4.R$bool: int abc_action_bar_embed_tabs
android.support.v4.R$color: int notification_action_color_filter
android.support.v4.R$color: int notification_icon_bg_color
android.support.v4.R$color: int notification_material_background_media_default_color
android.support.v4.R$color: int primary_text_default_material_dark
android.support.v4.R$color: int ripple_material_light
android.support.v4.R$color: int secondary_text_default_material_dark
android.support.v4.R$color: int secondary_text_default_material_light
android.support.v4.R$dimen: int compat_button_inset_horizontal_material
android.support.v4.R$dimen: int compat_button_inset_vertical_material
android.support.v4.R$dimen: int compat_button_padding_horizontal_material
android.support.v4.R$dimen: int compat_button_padding_vertical_material
android.support.v4.R$dimen: int compat_control_corner_material
android.support.v4.R$dimen: int notification_action_icon_size
android.support.v4.R$dimen: int notification_action_text_size
android.support.v4.R$dimen: int notification_big_circle_margin
android.support.v4.R$dimen: int notification_content_margin_start
android.support.v4.R$dimen: int notification_large_icon_height
android.support.v4.R$dimen: int notification_large_icon_width
android.support.v4.R$dimen: int notification_main_column_padding_top
android.support.v4.R$dimen: int notification_media_narrow_margin
android.support.v4.R$dimen: int notification_right_icon_size
android.support.v4.R$dimen: int notification_right_side_padding_top
android.support.v4.R$dimen: int notification_small_icon_background_padding
android.support.v4.R$dimen: int notification_small_icon_size_as_large
android.support.v4.R$dimen: int notification_subtext_size
android.support.v4.R$dimen: int notification_top_pad
android.support.v4.R$dimen: int notification_top_pad_large_text