formmicrologger/build/outputs/mapping/release/usage.txt
com.dropbox.core.v2.paper.Cursor$Serializer
com.dropbox.core.v2.paper.DbxUserPaperRequests:
    45:56:void docsArchive(com.dropbox.core.v2.paper.RefPaperDoc)
    70:72:public void docsArchive(java.lang.String)
    88:98:com.dropbox.core.DbxDownloader docsDownload(com.dropbox.core.v2.paper.PaperDocExport,java.util.List)
    115:116:public com.dropbox.core.DbxDownloader docsDownload(java.lang.String,com.dropbox.core.v2.paper.ExportFormat)
    132:132:public com.dropbox.core.v2.paper.DocsDownloadBuilder docsDownloadBuilder(java.lang.String,com.dropbox.core.v2.paper.ExportFormat)
    148:157:com.dropbox.core.v2.paper.ListUsersOnFolderResponse docsFolderUsersList(com.dropbox.core.v2.paper.ListUsersOnFolderArgs)
    176:177:public com.dropbox.core.v2.paper.ListUsersOnFolderResponse docsFolderUsersList(java.lang.String)
    196:203:public com.dropbox.core.v2.paper.ListUsersOnFolderResponse docsFolderUsersList(java.lang.String,int)
    218:227:com.dropbox.core.v2.paper.ListUsersOnFolderResponse docsFolderUsersListContinue(com.dropbox.core.v2.paper.ListUsersOnFolderContinueArgs)
    246:247:public com.dropbox.core.v2.paper.ListUsersOnFolderResponse docsFolderUsersListContinue(java.lang.String,java.lang.String)
    269:278:com.dropbox.core.v2.paper.FoldersContainingPaperDoc docsGetFolderInfo(com.dropbox.core.v2.paper.RefPaperDoc)
    300:301:public com.dropbox.core.v2.paper.FoldersContainingPaperDoc docsGetFolderInfo(java.lang.String)
com.dropbox.core.v2.paper.DocLookupError
com.dropbox.core.v2.paper.DocLookupError$1
com.dropbox.core.v2.paper.DocLookupError$Serializer
com.dropbox.core.v2.paper.DocLookupErrorException
com.dropbox.core.v2.paper.DocsDownloadBuilder
com.dropbox.core.v2.paper.DocsListBuilder
com.dropbox.core.v2.paper.DocsUsersAddBuilder
com.dropbox.core.v2.paper.DocsUsersListBuilder
com.dropbox.core.v2.paper.ExportFormat
com.dropbox.core.v2.paper.ExportFormat$1
com.dropbox.core.v2.paper.ExportFormat$Serializer
com.dropbox.core.v2.paper.Folder
com.dropbox.core.v2.paper.Folder$Serializer
com.dropbox.core.v2.paper.FolderSharingPolicyType
com.dropbox.core.v2.paper.FolderSharingPolicyType$1
com.dropbox.core.v2.paper.FolderSharingPolicyType$Serializer
com.dropbox.core.v2.paper.FoldersContainingPaperDoc
com.dropbox.core.v2.paper.FoldersContainingPaperDoc$Builder
com.dropbox.core.v2.paper.FoldersContainingPaperDoc$Serializer
com.dropbox.core.v2.paper.InviteeInfoWithPermissionLevel
com.dropbox.core.v2.paper.InviteeInfoWithPermissionLevel$Serializer
com.dropbox.core.v2.paper.ListDocsCursorError
com.dropbox.core.v2.paper.ListDocsCursorError$1
com.dropbox.core.v2.paper.ListDocsCursorError$Serializer
com.dropbox.core.v2.paper.ListDocsCursorError$Tag
com.dropbox.core.v2.paper.ListDocsCursorErrorException
com.dropbox.core.v2.paper.ListPaperDocsArgs
com.dropbox.core.v2.paper.ListPaperDocsArgs$Builder
com.dropbox.core.v2.paper.ListPaperDocsArgs$Serializer
com.dropbox.core.v2.paper.ListPaperDocsContinueArgs
com.dropbox.core.v2.paper.ListPaperDocsContinueArgs$Serializer
com.dropbox.core.v2.paper.ListPaperDocsFilterBy
com.dropbox.core.v2.paper.ListPaperDocsFilterBy$1
com.dropbox.core.v2.paper.ListPaperDocsFilterBy$Serializer
com.dropbox.core.v2.paper.ListPaperDocsResponse
com.dropbox.core.v2.paper.ListPaperDocsResponse$Serializer
com.dropbox.core.v2.paper.ListPaperDocsSortBy
com.dropbox.core.v2.paper.ListPaperDocsSortBy$1
com.dropbox.core.v2.paper.ListPaperDocsSortBy$Serializer
com.dropbox.core.v2.paper.ListPaperDocsSortOrder
com.dropbox.core.v2.paper.ListPaperDocsSortOrder$1
com.dropbox.core.v2.paper.ListPaperDocsSortOrder$Serializer
com.dropbox.core.v2.paper.ListUsersCursorError
com.dropbox.core.v2.paper.ListUsersCursorError$1
com.dropbox.core.v2.paper.ListUsersCursorError$Serializer
com.dropbox.core.v2.paper.ListUsersCursorError$Tag
com.dropbox.core.v2.paper.ListUsersCursorErrorException
com.dropbox.core.v2.paper.ListUsersOnFolderArgs
com.dropbox.core.v2.paper.ListUsersOnFolderArgs$Serializer